[2025-12-17T09:27:14.879+0000] {taskinstance.py:1159} INFO - Dependencies all met for dep_context=non-requeueable deps ti=<TaskInstance: job3_daily_analytics.compute_daily_summary manual__2025-12-17T09:26:35.928291+00:00 [queued]>
[2025-12-17T09:27:14.886+0000] {taskinstance.py:1159} INFO - Dependencies all met for dep_context=requeueable deps ti=<TaskInstance: job3_daily_analytics.compute_daily_summary manual__2025-12-17T09:26:35.928291+00:00 [queued]>
[2025-12-17T09:27:14.887+0000] {taskinstance.py:1361} INFO - Starting attempt 2 of 4
[2025-12-17T09:27:14.898+0000] {taskinstance.py:1382} INFO - Executing <Task(PythonOperator): compute_daily_summary> on 2025-12-17 09:26:35.928291+00:00
[2025-12-17T09:27:14.910+0000] {standard_task_runner.py:57} INFO - Started process 5951 to run task
[2025-12-17T09:27:14.916+0000] {standard_task_runner.py:84} INFO - Running: ['***', 'tasks', 'run', 'job3_daily_analytics', 'compute_daily_summary', 'manual__2025-12-17T09:26:35.928291+00:00', '--job-id', '26', '--raw', '--subdir', 'DAGS_FOLDER/job3_daily_summary_dag.py', '--cfg-path', '/tmp/tmp9b4e3y78']
[2025-12-17T09:27:14.921+0000] {standard_task_runner.py:85} INFO - Job 26: Subtask compute_daily_summary
[2025-12-17T09:27:14.990+0000] {task_command.py:416} INFO - Running <TaskInstance: job3_daily_analytics.compute_daily_summary manual__2025-12-17T09:26:35.928291+00:00 [running]> on host 2610621bd5d4
[2025-12-17T09:27:15.403+0000] {taskinstance.py:1662} INFO - Exporting env vars: AIRFLOW_CTX_DAG_OWNER='team' AIRFLOW_CTX_DAG_ID='job3_daily_analytics' AIRFLOW_CTX_TASK_ID='compute_daily_summary' AIRFLOW_CTX_EXECUTION_DATE='2025-12-17T09:26:35.928291+00:00' AIRFLOW_CTX_TRY_NUMBER='2' AIRFLOW_CTX_DAG_RUN_ID='manual__2025-12-17T09:26:35.928291+00:00'
[2025-12-17T09:27:15.408+0000] {logging_mixin.py:154} INFO - Computing analytics for date: 2025-12-16
[2025-12-17T09:27:15.413+0000] {taskinstance.py:1937} ERROR - Task failed with exception
Traceback (most recent call last):
  File "/home/airflow/.local/lib/python3.10/site-packages/pandas/io/sql.py", line 2674, in execute
    cur.execute(sql, *args)
sqlite3.OperationalError: no such table: events

The above exception was the direct cause of the following exception:

Traceback (most recent call last):
  File "/home/airflow/.local/lib/python3.10/site-packages/airflow/operators/python.py", line 192, in execute
    return_value = self.execute_callable()
  File "/home/airflow/.local/lib/python3.10/site-packages/airflow/operators/python.py", line 209, in execute_callable
    return self.python_callable(*self.op_args, **self.op_kwargs)
  File "/opt/airflow/dags/job3_daily_summary_dag.py", line 30, in analytics_task
    compute_daily_analytics()
  File "/opt/airflow/src/job3_analytics.py", line 16, in compute_daily_analytics
    df = read_events(date_from=target_date)
  File "/opt/airflow/src/db_utils.py", line 78, in read_events
    df = pd.read_sql_query(query, conn)
  File "/home/airflow/.local/lib/python3.10/site-packages/pandas/io/sql.py", line 526, in read_sql_query
    return pandas_sql.read_query(
  File "/home/airflow/.local/lib/python3.10/site-packages/pandas/io/sql.py", line 2738, in read_query
    cursor = self.execute(sql, params)
  File "/home/airflow/.local/lib/python3.10/site-packages/pandas/io/sql.py", line 2686, in execute
    raise ex from exc
pandas.errors.DatabaseError: Execution failed on sql 'SELECT * FROM events WHERE DATE(timestamp) >= '2025-12-16'': no such table: events
[2025-12-17T09:27:15.438+0000] {taskinstance.py:1400} INFO - Marking task as UP_FOR_RETRY. dag_id=job3_daily_analytics, task_id=compute_daily_summary, execution_date=20251217T092635, start_date=20251217T092714, end_date=20251217T092715
[2025-12-17T09:27:15.450+0000] {standard_task_runner.py:104} ERROR - Failed to execute job 26 for task compute_daily_summary (Execution failed on sql 'SELECT * FROM events WHERE DATE(timestamp) >= '2025-12-16'': no such table: events; 5951)
[2025-12-17T09:27:15.491+0000] {local_task_job_runner.py:228} INFO - Task exited with return code 1
[2025-12-17T09:27:15.506+0000] {taskinstance.py:2778} INFO - 0 downstream tasks scheduled from follow-on schedule check
